{
  "/home/joker/Desktop/MyDrive/1-Web/1-Front_end/2-NextJS/next-cicd/app/components/atoms/Button/Button.tsx": {
    "path": "/home/joker/Desktop/MyDrive/1-Web/1-Front_end/2-NextJS/next-cicd/app/components/atoms/Button/Button.tsx",
    "statementMap": {
      "0": {
        "start": {
          "line": 33,
          "column": 38
        },
        "end": {
          "line": 130,
          "column": null
        }
      },
      "1": {
        "start": {
          "line": 49,
          "column": 4
        },
        "end": {
          "line": 49,
          "column": null
        }
      },
      "2": {
        "start": {
          "line": 51,
          "column": 21
        },
        "end": {
          "line": 55,
          "column": 9
        }
      },
      "3": {
        "start": {
          "line": 56,
          "column": 23
        },
        "end": {
          "line": 62,
          "column": 11
        }
      },
      "4": {
        "start": {
          "line": 63,
          "column": 22
        },
        "end": {
          "line": 70,
          "column": 10
        }
      },
      "5": {
        "start": {
          "line": 71,
          "column": 24
        },
        "end": {
          "line": 79,
          "column": 12
        }
      },
      "6": {
        "start": {
          "line": 33,
          "column": 6
        },
        "end": {
          "line": 33,
          "column": 38
        }
      },
      "7": {
        "start": {
          "line": 134,
          "column": 16
        },
        "end": {
          "line": 134,
          "column": null
        }
      }
    },
    "fnMap": {
      "0": {
        "name": "(anonymous_0)",
        "decl": {
          "start": {
            "line": 33,
            "column": 38
          },
          "end": {
            "line": 33,
            "column": 39
          }
        },
        "loc": {
          "start": {
            "line": 47,
            "column": 1
          },
          "end": {
            "line": 130,
            "column": null
          }
        }
      },
      "1": {
        "name": "ButtonTesting",
        "decl": {
          "start": {
            "line": 134,
            "column": 16
          },
          "end": {
            "line": 134,
            "column": null
          }
        },
        "loc": {
          "start": {
            "line": 134,
            "column": 16
          },
          "end": {
            "line": 151,
            "column": null
          }
        }
      }
    },
    "branchMap": {
      "0": {
        "loc": {
          "start": {
            "line": 34,
            "column": 2
          },
          "end": {
            "line": 34,
            "column": 17
          }
        },
        "type": "default-arg",
        "locations": [
          {
            "start": {
              "line": 34,
              "column": 9
            },
            "end": {
              "line": 34,
              "column": 17
            }
          }
        ]
      },
      "1": {
        "loc": {
          "start": {
            "line": 35,
            "column": 2
          },
          "end": {
            "line": 35,
            "column": 17
          }
        },
        "type": "default-arg",
        "locations": [
          {
            "start": {
              "line": 35,
              "column": 11
            },
            "end": {
              "line": 35,
              "column": 17
            }
          }
        ]
      },
      "2": {
        "loc": {
          "start": {
            "line": 36,
            "column": 2
          },
          "end": {
            "line": 36,
            "column": 19
          }
        },
        "type": "default-arg",
        "locations": [
          {
            "start": {
              "line": 36,
              "column": 10
            },
            "end": {
              "line": 36,
              "column": 19
            }
          }
        ]
      },
      "3": {
        "loc": {
          "start": {
            "line": 37,
            "column": 2
          },
          "end": {
            "line": 37,
            "column": 19
          }
        },
        "type": "default-arg",
        "locations": [
          {
            "start": {
              "line": 37,
              "column": 12
            },
            "end": {
              "line": 37,
              "column": 19
            }
          }
        ]
      },
      "4": {
        "loc": {
          "start": {
            "line": 38,
            "column": 2
          },
          "end": {
            "line": 38,
            "column": 19
          }
        },
        "type": "default-arg",
        "locations": [
          {
            "start": {
              "line": 38,
              "column": 14
            },
            "end": {
              "line": 38,
              "column": 19
            }
          }
        ]
      },
      "5": {
        "loc": {
          "start": {
            "line": 39,
            "column": 2
          },
          "end": {
            "line": 39,
            "column": 20
          }
        },
        "type": "default-arg",
        "locations": [
          {
            "start": {
              "line": 39,
              "column": 15
            },
            "end": {
              "line": 39,
              "column": 20
            }
          }
        ]
      },
      "6": {
        "loc": {
          "start": {
            "line": 40,
            "column": 2
          },
          "end": {
            "line": 40,
            "column": 20
          }
        },
        "type": "default-arg",
        "locations": [
          {
            "start": {
              "line": 40,
              "column": 15
            },
            "end": {
              "line": 40,
              "column": 20
            }
          }
        ]
      },
      "7": {
        "loc": {
          "start": {
            "line": 109,
            "column": 8
          },
          "end": {
            "line": 109,
            "column": null
          }
        },
        "type": "binary-expr",
        "locations": [
          {
            "start": {
              "line": 109,
              "column": 9
            },
            "end": {
              "line": 109,
              "column": 22
            }
          },
          {
            "start": {
              "line": 109,
              "column": 22
            },
            "end": {
              "line": 109,
              "column": 31
            }
          },
          {
            "start": {
              "line": 109,
              "column": 37
            },
            "end": {
              "line": 109,
              "column": null
            }
          }
        ]
      },
      "8": {
        "loc": {
          "start": {
            "line": 110,
            "column": 8
          },
          "end": {
            "line": 110,
            "column": null
          }
        },
        "type": "binary-expr",
        "locations": [
          {
            "start": {
              "line": 110,
              "column": 8
            },
            "end": {
              "line": 110,
              "column": 22
            }
          },
          {
            "start": {
              "line": 110,
              "column": 22
            },
            "end": {
              "line": 110,
              "column": null
            }
          }
        ]
      },
      "9": {
        "loc": {
          "start": {
            "line": 113,
            "column": 16
          },
          "end": {
            "line": 113,
            "column": null
          }
        },
        "type": "binary-expr",
        "locations": [
          {
            "start": {
              "line": 113,
              "column": 16
            },
            "end": {
              "line": 113,
              "column": 30
            }
          },
          {
            "start": {
              "line": 113,
              "column": 30
            },
            "end": {
              "line": 113,
              "column": null
            }
          }
        ]
      },
      "10": {
        "loc": {
          "start": {
            "line": 114,
            "column": 15
          },
          "end": {
            "line": 114,
            "column": null
          }
        },
        "type": "cond-expr",
        "locations": [
          {
            "start": {
              "line": 114,
              "column": 43
            },
            "end": {
              "line": 114,
              "column": 53
            }
          },
          {
            "start": {
              "line": 114,
              "column": 53
            },
            "end": {
              "line": 114,
              "column": null
            }
          }
        ]
      },
      "11": {
        "loc": {
          "start": {
            "line": 114,
            "column": 15
          },
          "end": {
            "line": 114,
            "column": 43
          }
        },
        "type": "binary-expr",
        "locations": [
          {
            "start": {
              "line": 114,
              "column": 15
            },
            "end": {
              "line": 114,
              "column": 29
            }
          },
          {
            "start": {
              "line": 114,
              "column": 29
            },
            "end": {
              "line": 114,
              "column": 43
            }
          }
        ]
      },
      "12": {
        "loc": {
          "start": {
            "line": 116,
            "column": 7
          },
          "end": {
            "line": 116,
            "column": null
          }
        },
        "type": "binary-expr",
        "locations": [
          {
            "start": {
              "line": 116,
              "column": 7
            },
            "end": {
              "line": 116,
              "column": null
            }
          }
        ]
      },
      "13": {
        "loc": {
          "start": {
            "line": 117,
            "column": 25
          },
          "end": {
            "line": 117,
            "column": 50
          }
        },
        "type": "cond-expr",
        "locations": [
          {
            "start": {
              "line": 117,
              "column": 36
            },
            "end": {
              "line": 117,
              "column": 42
            }
          },
          {
            "start": {
              "line": 117,
              "column": 45
            },
            "end": {
              "line": 117,
              "column": 50
            }
          }
        ]
      },
      "14": {
        "loc": {
          "start": {
            "line": 120,
            "column": 8
          },
          "end": {
            "line": 120,
            "column": null
          }
        },
        "type": "cond-expr",
        "locations": [
          {
            "start": {
              "line": 120,
              "column": 8
            },
            "end": {
              "line": 120,
              "column": null
            }
          }
        ]
      },
      "15": {
        "loc": {
          "start": {
            "line": 120,
            "column": 8
          },
          "end": {
            "line": 120,
            "column": null
          }
        },
        "type": "binary-expr",
        "locations": [
          {
            "start": {
              "line": 120,
              "column": 8
            },
            "end": {
              "line": 120,
              "column": 24
            }
          },
          {
            "start": {
              "line": 120,
              "column": 24
            },
            "end": {
              "line": 120,
              "column": null
            }
          }
        ]
      },
      "16": {
        "loc": {
          "start": {
            "line": 123,
            "column": 11
          },
          "end": {
            "line": 123,
            "column": 27
          }
        },
        "type": "binary-expr",
        "locations": [
          {
            "start": {
              "line": 123,
              "column": 11
            },
            "end": {
              "line": 123,
              "column": 27
            }
          }
        ]
      },
      "17": {
        "loc": {
          "start": {
            "line": 125,
            "column": 11
          },
          "end": {
            "line": 125,
            "column": 25
          }
        },
        "type": "binary-expr",
        "locations": [
          {
            "start": {
              "line": 125,
              "column": 11
            },
            "end": {
              "line": 125,
              "column": 25
            }
          }
        ]
      }
    },
    "s": {
      "0": 5,
      "1": 14,
      "2": 14,
      "3": 14,
      "4": 14,
      "5": 14,
      "6": 5,
      "7": 5
    },
    "f": {
      "0": 14,
      "1": 0
    },
    "b": {
      "0": [
        0
      ],
      "1": [
        0
      ],
      "2": [
        0
      ],
      "3": [
        0
      ],
      "4": [
        3
      ],
      "5": [
        3
      ],
      "6": [
        11
      ],
      "7": [
        14,
        10,
        6
      ],
      "8": [
        14,
        3
      ],
      "9": [
        14,
        12
      ],
      "10": [
        8,
        6
      ],
      "11": [
        14,
        10
      ],
      "12": [
        14
      ],
      "13": [
        4,
        0
      ],
      "14": [
        3
      ],
      "15": [
        3,
        0
      ],
      "16": [
        11
      ],
      "17": [
        11
      ]
    }
  },
  "/home/joker/Desktop/MyDrive/1-Web/1-Front_end/2-NextJS/next-cicd/app/components/atoms/Input/Input.tsx": {
    "path": "/home/joker/Desktop/MyDrive/1-Web/1-Front_end/2-NextJS/next-cicd/app/components/atoms/Input/Input.tsx",
    "statementMap": {
      "0": {
        "start": {
          "line": 27,
          "column": 30
        },
        "end": {
          "line": 138,
          "column": null
        }
      },
      "1": {
        "start": {
          "line": 44,
          "column": 21
        },
        "end": {
          "line": 44,
          "column": null
        }
      },
      "2": {
        "start": {
          "line": 45,
          "column": 22
        },
        "end": {
          "line": 49,
          "column": null
        }
      },
      "3": {
        "start": {
          "line": 50,
          "column": 23
        },
        "end": {
          "line": 57,
          "column": null
        }
      },
      "4": {
        "start": {
          "line": 58,
          "column": 25
        },
        "end": {
          "line": 63,
          "column": null
        }
      },
      "5": {
        "start": {
          "line": 64,
          "column": 24
        },
        "end": {
          "line": 70,
          "column": null
        }
      },
      "6": {
        "start": {
          "line": 72,
          "column": 22
        },
        "end": {
          "line": 72,
          "column": null
        }
      },
      "7": {
        "start": {
          "line": 73,
          "column": 27
        },
        "end": {
          "line": 73,
          "column": null
        }
      },
      "8": {
        "start": {
          "line": 27,
          "column": 6
        },
        "end": {
          "line": 27,
          "column": 30
        }
      },
      "9": {
        "start": {
          "line": 142,
          "column": 16
        },
        "end": {
          "line": 142,
          "column": null
        }
      }
    },
    "fnMap": {
      "0": {
        "name": "(anonymous_0)",
        "decl": {
          "start": {
            "line": 27,
            "column": 30
          },
          "end": {
            "line": 27,
            "column": 31
          }
        },
        "loc": {
          "start": {
            "line": 43,
            "column": 1
          },
          "end": {
            "line": 138,
            "column": null
          }
        }
      },
      "1": {
        "name": "InputTest",
        "decl": {
          "start": {
            "line": 142,
            "column": 16
          },
          "end": {
            "line": 142,
            "column": null
          }
        },
        "loc": {
          "start": {
            "line": 142,
            "column": 16
          },
          "end": {
            "line": 195,
            "column": null
          }
        }
      }
    },
    "branchMap": {
      "0": {
        "loc": {
          "start": {
            "line": 28,
            "column": 2
          },
          "end": {
            "line": 28,
            "column": 15
          }
        },
        "type": "default-arg",
        "locations": [
          {
            "start": {
              "line": 28,
              "column": 9
            },
            "end": {
              "line": 28,
              "column": 15
            }
          }
        ]
      },
      "1": {
        "loc": {
          "start": {
            "line": 30,
            "column": 2
          },
          "end": {
            "line": 30,
            "column": 18
          }
        },
        "type": "default-arg",
        "locations": [
          {
            "start": {
              "line": 30,
              "column": 16
            },
            "end": {
              "line": 30,
              "column": 18
            }
          }
        ]
      },
      "2": {
        "loc": {
          "start": {
            "line": 31,
            "column": 2
          },
          "end": {
            "line": 31,
            "column": 19
          }
        },
        "type": "default-arg",
        "locations": [
          {
            "start": {
              "line": 31,
              "column": 17
            },
            "end": {
              "line": 31,
              "column": 19
            }
          }
        ]
      },
      "3": {
        "loc": {
          "start": {
            "line": 32,
            "column": 2
          },
          "end": {
            "line": 32,
            "column": 13
          }
        },
        "type": "default-arg",
        "locations": [
          {
            "start": {
              "line": 32,
              "column": 9
            },
            "end": {
              "line": 32,
              "column": 13
            }
          }
        ]
      },
      "4": {
        "loc": {
          "start": {
            "line": 33,
            "column": 2
          },
          "end": {
            "line": 33,
            "column": 19
          }
        },
        "type": "default-arg",
        "locations": [
          {
            "start": {
              "line": 33,
              "column": 10
            },
            "end": {
              "line": 33,
              "column": 19
            }
          }
        ]
      },
      "5": {
        "loc": {
          "start": {
            "line": 34,
            "column": 2
          },
          "end": {
            "line": 34,
            "column": 18
          }
        },
        "type": "default-arg",
        "locations": [
          {
            "start": {
              "line": 34,
              "column": 12
            },
            "end": {
              "line": 34,
              "column": 18
            }
          }
        ]
      },
      "6": {
        "loc": {
          "start": {
            "line": 35,
            "column": 2
          },
          "end": {
            "line": 35,
            "column": 15
          }
        },
        "type": "default-arg",
        "locations": [
          {
            "start": {
              "line": 35,
              "column": 11
            },
            "end": {
              "line": 35,
              "column": 15
            }
          }
        ]
      },
      "7": {
        "loc": {
          "start": {
            "line": 36,
            "column": 2
          },
          "end": {
            "line": 36,
            "column": 28
          }
        },
        "type": "default-arg",
        "locations": [
          {
            "start": {
              "line": 36,
              "column": 19
            },
            "end": {
              "line": 36,
              "column": 28
            }
          }
        ]
      },
      "8": {
        "loc": {
          "start": {
            "line": 37,
            "column": 2
          },
          "end": {
            "line": 37,
            "column": 20
          }
        },
        "type": "default-arg",
        "locations": [
          {
            "start": {
              "line": 37,
              "column": 15
            },
            "end": {
              "line": 37,
              "column": 20
            }
          }
        ]
      },
      "9": {
        "loc": {
          "start": {
            "line": 38,
            "column": 2
          },
          "end": {
            "line": 38,
            "column": 20
          }
        },
        "type": "default-arg",
        "locations": [
          {
            "start": {
              "line": 38,
              "column": 15
            },
            "end": {
              "line": 38,
              "column": 20
            }
          }
        ]
      },
      "10": {
        "loc": {
          "start": {
            "line": 39,
            "column": 2
          },
          "end": {
            "line": 39,
            "column": 20
          }
        },
        "type": "default-arg",
        "locations": [
          {
            "start": {
              "line": 39,
              "column": 15
            },
            "end": {
              "line": 39,
              "column": 20
            }
          }
        ]
      },
      "11": {
        "loc": {
          "start": {
            "line": 40,
            "column": 2
          },
          "end": {
            "line": 40,
            "column": 16
          }
        },
        "type": "default-arg",
        "locations": [
          {
            "start": {
              "line": 40,
              "column": 14
            },
            "end": {
              "line": 40,
              "column": 16
            }
          }
        ]
      },
      "12": {
        "loc": {
          "start": {
            "line": 41,
            "column": 2
          },
          "end": {
            "line": 41,
            "column": 18
          }
        },
        "type": "default-arg",
        "locations": [
          {
            "start": {
              "line": 41,
              "column": 16
            },
            "end": {
              "line": 41,
              "column": 18
            }
          }
        ]
      },
      "13": {
        "loc": {
          "start": {
            "line": 83,
            "column": 7
          },
          "end": {
            "line": 83,
            "column": 16
          }
        },
        "type": "binary-expr",
        "locations": [
          {
            "start": {
              "line": 83,
              "column": 7
            },
            "end": {
              "line": 83,
              "column": 16
            }
          },
          {
            "start": {
              "line": 83,
              "column": 16
            },
            "end": {
              "line": 83,
              "column": null
            }
          }
        ]
      },
      "14": {
        "loc": {
          "start": {
            "line": 97,
            "column": 11
          },
          "end": {
            "line": 97,
            "column": 25
          }
        },
        "type": "binary-expr",
        "locations": [
          {
            "start": {
              "line": 97,
              "column": 11
            },
            "end": {
              "line": 97,
              "column": 25
            }
          }
        ]
      },
      "15": {
        "loc": {
          "start": {
            "line": 102,
            "column": 21
          },
          "end": {
            "line": 102,
            "column": null
          }
        },
        "type": "cond-expr",
        "locations": [
          {
            "start": {
              "line": 102,
              "column": 35
            },
            "end": {
              "line": 102,
              "column": 43
            }
          },
          {
            "start": {
              "line": 102,
              "column": 43
            },
            "end": {
              "line": 102,
              "column": null
            }
          }
        ]
      },
      "16": {
        "loc": {
          "start": {
            "line": 119,
            "column": 7
          },
          "end": {
            "line": 119,
            "column": 16
          }
        },
        "type": "binary-expr",
        "locations": [
          {
            "start": {
              "line": 119,
              "column": 7
            },
            "end": {
              "line": 119,
              "column": 16
            }
          },
          {
            "start": {
              "line": 119,
              "column": 16
            },
            "end": {
              "line": 119,
              "column": null
            }
          }
        ]
      },
      "17": {
        "loc": {
          "start": {
            "line": 133,
            "column": 7
          },
          "end": {
            "line": 133,
            "column": null
          }
        },
        "type": "binary-expr",
        "locations": [
          {
            "start": {
              "line": 133,
              "column": 7
            },
            "end": {
              "line": 133,
              "column": null
            }
          }
        ]
      }
    },
    "s": {
      "0": 2,
      "1": 3,
      "2": 3,
      "3": 3,
      "4": 3,
      "5": 3,
      "6": 3,
      "7": 3,
      "8": 2,
      "9": 2
    },
    "f": {
      "0": 3,
      "1": 0
    },
    "b": {
      "0": [
        0
      ],
      "1": [
        0
      ],
      "2": [
        0
      ],
      "3": [
        0
      ],
      "4": [
        0
      ],
      "5": [
        0
      ],
      "6": [
        0
      ],
      "7": [
        0
      ],
      "8": [
        0
      ],
      "9": [
        0
      ],
      "10": [
        0
      ],
      "11": [
        0
      ],
      "12": [
        0
      ],
      "13": [
        3,
        3
      ],
      "14": [
        3
      ],
      "15": [
        0,
        3
      ],
      "16": [
        3,
        3
      ],
      "17": [
        3
      ]
    }
  },
  "/home/joker/Desktop/MyDrive/1-Web/1-Front_end/2-NextJS/next-cicd/app/components/molecules/Login/Login.tsx": {
    "path": "/home/joker/Desktop/MyDrive/1-Web/1-Front_end/2-NextJS/next-cicd/app/components/molecules/Login/Login.tsx",
    "statementMap": {
      "0": {
        "start": {
          "line": 7,
          "column": 15
        },
        "end": {
          "line": 14,
          "column": null
        }
      },
      "1": {
        "start": {
          "line": 15,
          "column": 17
        },
        "end": {
          "line": 81,
          "column": null
        }
      },
      "2": {
        "start": {
          "line": 22,
          "column": 10
        },
        "end": {
          "line": 22,
          "column": null
        }
      },
      "3": {
        "start": {
          "line": 15,
          "column": 6
        },
        "end": {
          "line": 15,
          "column": 17
        }
      }
    },
    "fnMap": {
      "0": {
        "name": "(anonymous_0)",
        "decl": {
          "start": {
            "line": 15,
            "column": 17
          },
          "end": {
            "line": 15,
            "column": null
          }
        },
        "loc": {
          "start": {
            "line": 15,
            "column": 17
          },
          "end": {
            "line": 81,
            "column": null
          }
        }
      },
      "1": {
        "name": "(anonymous_1)",
        "decl": {
          "start": {
            "line": 21,
            "column": 18
          },
          "end": {
            "line": 21,
            "column": 19
          }
        },
        "loc": {
          "start": {
            "line": 21,
            "column": 19
          },
          "end": {
            "line": 23,
            "column": null
          }
        }
      }
    },
    "branchMap": {
      "0": {
        "loc": {
          "start": {
            "line": 53,
            "column": 21
          },
          "end": {
            "line": 53,
            "column": 66
          }
        },
        "type": "binary-expr",
        "locations": [
          {
            "start": {
              "line": 53,
              "column": 21
            },
            "end": {
              "line": 53,
              "column": 33
            }
          },
          {
            "start": {
              "line": 53,
              "column": 37
            },
            "end": {
              "line": 53,
              "column": 50
            }
          },
          {
            "start": {
              "line": 53,
              "column": 54
            },
            "end": {
              "line": 53,
              "column": 66
            }
          }
        ]
      },
      "1": {
        "loc": {
          "start": {
            "line": 68,
            "column": 21
          },
          "end": {
            "line": 68,
            "column": 75
          }
        },
        "type": "binary-expr",
        "locations": [
          {
            "start": {
              "line": 68,
              "column": 21
            },
            "end": {
              "line": 68,
              "column": 36
            }
          },
          {
            "start": {
              "line": 68,
              "column": 40
            },
            "end": {
              "line": 68,
              "column": 56
            }
          },
          {
            "start": {
              "line": 68,
              "column": 60
            },
            "end": {
              "line": 68,
              "column": 75
            }
          }
        ]
      }
    },
    "s": {
      "0": 2,
      "1": 2,
      "2": 0,
      "3": 2
    },
    "f": {
      "0": 2,
      "1": 0
    },
    "b": {
      "0": [
        2,
        0,
        0
      ],
      "1": [
        2,
        0,
        0
      ]
    }
  }
}