TN:
SF:app/components/atoms/Button/Button.tsx
FN:33,(anonymous_0)
FN:134,ButtonTesting
FNF:2
FNH:1
FNDA:11,(anonymous_0)
FNDA:0,ButtonTesting
DA:33,4
DA:49,11
DA:51,11
DA:56,11
DA:63,11
DA:71,11
DA:134,4
LF:7
LH:7
BRDA:34,0,0,0
BRDA:35,1,0,0
BRDA:36,2,0,0
BRDA:37,3,0,0
BRDA:38,4,0,2
BRDA:39,5,0,2
BRDA:40,6,0,9
BRDA:109,7,0,11
BRDA:109,7,1,8
BRDA:109,7,2,5
BRDA:110,8,0,11
BRDA:110,8,1,2
BRDA:113,9,0,11
BRDA:113,9,1,9
BRDA:114,10,0,6
BRDA:114,10,1,5
BRDA:114,11,0,11
BRDA:114,11,1,8
BRDA:116,12,0,11
BRDA:117,13,0,3
BRDA:117,13,1,0
BRDA:120,14,0,2
BRDA:120,15,0,2
BRDA:120,15,1,0
BRDA:123,16,0,9
BRDA:125,17,0,9
BRF:26
BRH:20
end_of_record
TN:
SF:app/components/atoms/Input/Input.tsx
FN:27,(anonymous_0)
FN:142,InputTest
FNF:2
FNH:1
FNDA:5,(anonymous_0)
FNDA:0,InputTest
DA:27,3
DA:44,5
DA:45,5
DA:50,5
DA:58,5
DA:64,5
DA:72,5
DA:73,5
DA:142,3
LF:9
LH:9
BRDA:28,0,0,0
BRDA:30,1,0,0
BRDA:31,2,0,0
BRDA:32,3,0,0
BRDA:33,4,0,0
BRDA:34,5,0,0
BRDA:35,6,0,0
BRDA:36,7,0,0
BRDA:37,8,0,0
BRDA:38,9,0,0
BRDA:39,10,0,0
BRDA:40,11,0,0
BRDA:41,12,0,0
BRDA:83,13,0,5
BRDA:83,13,1,5
BRDA:97,14,0,5
BRDA:102,15,0,0
BRDA:102,15,1,5
BRDA:119,16,0,5
BRDA:119,16,1,5
BRDA:133,17,0,5
BRF:21
BRH:7
end_of_record
TN:
SF:app/components/molecules/Login/Login.tsx
FN:15,(anonymous_0)
FN:21,(anonymous_1)
FNF:2
FNH:1
FNDA:2,(anonymous_0)
FNDA:0,(anonymous_1)
DA:7,2
DA:15,2
DA:22,0
LF:3
LH:2
BRDA:53,0,0,2
BRDA:53,0,1,0
BRDA:53,0,2,0
BRDA:68,1,0,2
BRDA:68,1,1,0
BRDA:68,1,2,0
BRF:6
BRH:2
end_of_record
